[2020-07-24 18:05:33.201] logback-timesheet [pool-2-thread-1] ERROR com.springboot.cloud.app.timesheet.Job.UnfilledTask Line:44  - {}
java.lang.NullPointerException: null
	at com.springboot.cloud.app.timesheet.service.impl.AccessTokenServiceImpl.getToken(AccessTokenServiceImpl.java:72)
	at com.springboot.cloud.app.timesheet.service.impl.AccessTokenServiceImpl$$FastClassBySpringCGLIB$$fb3ceb91.invoke(<generated>)
	at org.springframework.cglib.proxy.MethodProxy.invoke(MethodProxy.java:204)
	at org.springframework.aop.framework.CglibAopProxy$DynamicAdvisedInterceptor.intercept(CglibAopProxy.java:684)
	at com.springboot.cloud.app.timesheet.service.impl.AccessTokenServiceImpl$$EnhancerBySpringCGLIB$$8c1ff31d.getToken(<generated>)
	at com.springboot.cloud.app.timesheet.service.impl.AccessTokenServiceImpl$$FastClassBySpringCGLIB$$fb3ceb91.invoke(<generated>)
	at org.springframework.cglib.proxy.MethodProxy.invoke(MethodProxy.java:204)
	at org.springframework.aop.framework.CglibAopProxy$DynamicAdvisedInterceptor.intercept(CglibAopProxy.java:684)
	at com.springboot.cloud.app.timesheet.service.impl.AccessTokenServiceImpl$$EnhancerBySpringCGLIB$$28ef0091.getToken(<generated>)
	at com.springboot.cloud.app.timesheet.service.impl.SendMessageServiceImpl.sendWxMessage(SendMessageServiceImpl.java:57)
	at com.springboot.cloud.app.timesheet.service.impl.SendMessageServiceImpl.sendMessage(SendMessageServiceImpl.java:50)
	at com.springboot.cloud.app.timesheet.Job.UnfilledTask.sendMessage(UnfilledTask.java:42)
	at sun.reflect.NativeMethodAccessorImpl.invoke0(Native Method)
	at sun.reflect.NativeMethodAccessorImpl.invoke(NativeMethodAccessorImpl.java:62)
	at sun.reflect.DelegatingMethodAccessorImpl.invoke(DelegatingMethodAccessorImpl.java:43)
	at java.lang.reflect.Method.invoke(Method.java:498)
	at org.springframework.scheduling.support.ScheduledMethodRunnable.run(ScheduledMethodRunnable.java:65)
	at org.springframework.scheduling.support.DelegatingErrorHandlingRunnable.run(DelegatingErrorHandlingRunnable.java:54)
	at org.springframework.scheduling.concurrent.ReschedulingRunnable.run(ReschedulingRunnable.java:93)
	at java.util.concurrent.Executors$RunnableAdapter.call(Executors.java:511)
	at java.util.concurrent.FutureTask.run(FutureTask.java:266)
	at java.util.concurrent.ScheduledThreadPoolExecutor$ScheduledFutureTask.access$201(ScheduledThreadPoolExecutor.java:180)
	at java.util.concurrent.ScheduledThreadPoolExecutor$ScheduledFutureTask.run(ScheduledThreadPoolExecutor.java:293)
	at java.util.concurrent.ThreadPoolExecutor.runWorker(ThreadPoolExecutor.java:1149)
	at java.util.concurrent.ThreadPoolExecutor$Worker.run(ThreadPoolExecutor.java:624)
	at java.lang.Thread.run(Thread.java:748)
